Command line:
   alu_isim_beh.exe
     -simmode  gui
     -simrunnum  0
     -socket  7555

Tue Mar 15 12:42:32 2016


 Elaboration Time: 0.078 sec

 Current Memory Usage: 504.291 Meg

 Total Signals          : 16
 Total Nets             : 113
 Total Signal Drivers   : 7
 Total Blocks           : 2
 Total Primitive Blocks : 2
 Total Processes        : 9
 Total Traceable Variables  : 20
 Total Scalar Nets and Variables : 226
Total Line Count : 25

 Total Simulation Time: 0.0936 sec

 Current Memory Usage: 504.291 Meg

Tue Mar 15 12:42:37 2016

